<?xml version="1.0" encoding="UTF-8"?>
<testng-results ignored="0" total="2" passed="2" failed="0" skipped="0">
  <reporter-output>
  </reporter-output>
  <suite started-at="2023-12-04T10:55:35 IST" name="Suite" finished-at="2023-12-04T10:55:47 IST" duration-ms="11982">
    <groups>
      <group name="Food">
        <method signature="Group.swigy()[pri:0, instance:Commands.Group@5656be13]" name="swigy" class="Commands.Group"/>
        <method signature="Group.zomato()[pri:0, instance:Commands.Group@5656be13]" name="zomato" class="Commands.Group"/>
      </group> <!-- Food -->
    </groups>
    <test started-at="2023-12-04T10:55:35 IST" name="Test" finished-at="2023-12-04T10:55:47 IST" duration-ms="11982">
      <class name="Commands.Group">
        <test-method signature="swigy()[pri:0, instance:Commands.Group@5656be13]" started-at="2023-12-04T10:55:35 IST" name="swigy" finished-at="2023-12-04T10:55:42 IST" duration-ms="6889" status="PASS">
          <reporter-output>
          </reporter-output>
        </test-method> <!-- swigy -->
        <test-method signature="zomato()[pri:0, instance:Commands.Group@5656be13]" started-at="2023-12-04T10:55:42 IST" name="zomato" finished-at="2023-12-04T10:55:47 IST" duration-ms="4969" status="PASS">
          <reporter-output>
          </reporter-output>
        </test-method> <!-- zomato -->
      </class> <!-- Commands.Group -->
    </test> <!-- Test -->
  </suite> <!-- Suite -->
</testng-results>
