<?xml version="1.0" encoding="UTF-8"?>
<testng-results ignored="0" total="1" passed="1" failed="0" skipped="0">
  <reporter-output>
  </reporter-output>
  <suite started-at="2023-12-02T10:11:26 IST" name="Default suite" finished-at="2023-12-02T10:11:34 IST" duration-ms="8441">
    <groups>
    </groups>
    <test started-at="2023-12-02T10:11:26 IST" name="Default test" finished-at="2023-12-02T10:11:34 IST" duration-ms="8441">
      <class name="Commands.demoTest">
        <test-method signature="facebookTest()[pri:0, instance:Commands.demoTest@4c583ecf]" started-at="2023-12-02T10:11:26 IST" name="facebookTest" finished-at="2023-12-02T10:11:34 IST" duration-ms="8369" status="PASS">
          <reporter-output>
          </reporter-output>
        </test-method> <!-- facebookTest -->
      </class> <!-- Commands.demoTest -->
    </test> <!-- Default test -->
  </suite> <!-- Default suite -->
</testng-results>
